<?xml version="1.0" encoding="UTF-8"?>
<!-- Generated by org.testng.reporters.JUnitReportReporter -->
<testsuite hostname="LAPTOP-9FQQ2M9B" failures="0" tests="4" name="api.testcases.UserTest" time="11.686" errors="0" timestamp="2025-09-15T12:20:39 IST" skipped="0">
  <testcase classname="api.testcases.UserTest" name="testCreateUser" time="3.358"/>
  <testcase classname="api.testcases.UserTest" name="testGetUserData" time="2.065"/>
  <testcase classname="api.testcases.UserTest" name="testUpdateUser" time="4.299"/>
  <testcase classname="api.testcases.UserTest" name="testDeleteUser" time="1.964"/>
</testsuite> <!-- api.testcases.UserTest -->
