<?xml version="1.0" encoding="UTF-8"?>
<!-- Generated by org.testng.reporters.JUnitReportReporter -->
<testsuite hostname="LAPTOP-9FQQ2M9B" failures="0" tests="4" name="api.testcases.UserTest2" time="11.347" errors="0" timestamp="2025-09-15T12:31:07 IST" skipped="0">
  <testcase classname="api.testcases.UserTest2" name="testCreateUser" time="3.373"/>
  <testcase classname="api.testcases.UserTest2" name="testGetUserData" time="2.193"/>
  <testcase classname="api.testcases.UserTest2" name="testUpdateUser" time="3.805"/>
  <testcase classname="api.testcases.UserTest2" name="testDeleteUser" time="1.976"/>
</testsuite> <!-- api.testcases.UserTest2 -->
