<?xml version="1.0" encoding="UTF-8"?>
<!-- Generated by org.testng.reporters.JUnitReportReporter -->
<testsuite hostname="LAPTOP-9FQQ2M9B" failures="0" tests="4" name="api.testcases.UserTest" time="9.589" errors="0" timestamp="2025-09-15T15:30:07 IST" skipped="0">
  <testcase classname="api.testcases.UserTest" name="testCreateUser" time="3.105"/>
  <testcase classname="api.testcases.UserTest" name="testGetUserData" time="1.601"/>
  <testcase classname="api.testcases.UserTest" name="testUpdateUser" time="3.255"/>
  <testcase classname="api.testcases.UserTest" name="testDeleteUser" time="1.628"/>
</testsuite> <!-- api.testcases.UserTest -->
