<?xml version="1.0" encoding="UTF-8"?>
<!-- Generated by org.testng.reporters.JUnitReportReporter -->
<testsuite hostname="LAPTOP-9FQQ2M9B" failures="0" tests="4" name="api.testcases.UserTest" time="9.831" errors="0" timestamp="2025-09-15T13:16:55 IST" skipped="0">
  <testcase classname="api.testcases.UserTest" name="testCreateUser" time="3.342"/>
  <testcase classname="api.testcases.UserTest" name="testGetUserData" time="1.671"/>
  <testcase classname="api.testcases.UserTest" name="testUpdateUser" time="3.220"/>
  <testcase classname="api.testcases.UserTest" name="testDeleteUser" time="1.598"/>
</testsuite> <!-- api.testcases.UserTest -->
